[debug] > Exec(early(addDefaultCommands), None, None)
[debug] > Exec(addDefaultCommands, None, None)
[debug] > Exec(early(initialize), None, None)
[debug] > Exec(initialize, None, None)
[debug] > Exec(early(addPluginSbtFile="""C:\Users\YAVIER~1\AppData\Local\Temp\idea.sbt"""), None, None)
[debug] > Exec(addPluginSbtFile="""C:\Users\YAVIER~1\AppData\Local\Temp\idea.sbt""", None, None)
[debug] > Exec(boot, None, None)
[debug] > Exec(writeSbtVersion, None, None)
[debug] > Exec(reload, None, None)
[debug] > Exec(sbtStashOnFailure, None, None)
[debug] > Exec(onFailure loadFailed, None, None)
[debug] > Exec(loadp, None, None)
[info] welcome to sbt 1.4.0 (Oracle Corporation Java 1.8.0_201)
[debug]       Load.loadUnit: plugins took 95.0095ms
[debug]       Load.loadUnit: defsScala took 0.6316ms
[debug] [Loading] Scanning directory C:\Users\Yavier Mari\.sbt\1.0\plugins
[debug] [Loading] Found non-root projects 
[debug] [Loading] Done in C:\Users\Yavier Mari\.sbt\1.0\plugins, returning: ()
[debug] deducing auto plugins based on known facts Set(Atom(sbt.plugins.CorePlugin)) and clauses Clauses(List(Clause(Atom(sbt.plugins.JvmPlugin),Set(Atom(sbt.plugins.IvyPlugin))), Clause(Atom(sbt.ScriptedPlugin),Set(Atom(sbt.plugins.JvmPlugin))), Clause(Atom(sbt.plugins.SbtPlugin),Set(Atom(sbt.ScriptedPlugin))), Clause(Atom(sbt.plugins.SemanticdbPlugin),Set(Atom(sbt.plugins.JvmPlugin))), Clause(Atom(sbt.plugins.JUnitXmlReportPlugin),Set(Atom(sbt.plugins.JvmPlugin))), Clause(Atom(sbt.plugins.MiniDependencyTreePlugin),Set(Atom(sbt.plugins.JvmPlugin))), Clause(Atom(sbt.plugins.CorePlugin),Set(Atom(sbt.plugins.IvyPlugin))), Clause(Atom(sbt.plugins.IvyPlugin),Set(Atom(sbt.plugins.JvmPlugin))), Clause(Atom(sbt.plugins.JvmPlugin),Set(Atom(sbt.plugins.SemanticdbPlugin))), Clause(Atom(sbt.plugins.JvmPlugin),Set(Atom(sbt.plugins.JUnitXmlReportPlugin))), Clause(Atom(sbt.plugins.CorePlugin),Set(Atom(sbt.plugins.Giter8TemplatePlugin))), Clause(Atom(sbt.plugins.JvmPlugin),Set(Atom(sbt.plugins.MiniDependencyTreePlugin)))))
[debug]   :: deduced result: Matched(sbt.plugins.CorePlugin,sbt.plugins.Giter8TemplatePlugin,sbt.plugins.IvyPlugin,sbt.plugins.JvmPlugin,sbt.plugins.MiniDependencyTreePlugin,sbt.plugins.JUnitXmlReportPlugin,sbt.plugins.SemanticdbPlugin)
[debug] Plugins.deducer#function took 21.1528 ms
[debug]           Load.resolveProject(global-plugins) took 45.8353ms
[debug]         Load.loadTransitive: finalizeProject(Project(id global-plugins, base: C:\Users\Yavier Mari\.sbt\1.0\plugins, plugins: List(<none>))) took 94.66ms
[debug] [Loading] Done in C:\Users\Yavier Mari\.sbt\1.0\plugins, returning: (global-plugins)
[debug]       Load.loadUnit: loadedProjectsRaw took 229.4718ms
[debug]       Load.loadUnit: cleanEvalClasses took 0.3147ms
[debug]     Load.loadUnit(file:/C:/Users/Yavier%20Mari/.sbt/1.0/plugins/, ...) took 336.1347ms
[debug]   Load.apply: load took 505.9843ms
[debug]   Load.apply: resolveProjects took 8.3208ms
[debug]   Load.apply: finalTransforms took 72.0139ms
[debug]   Load.apply: config.delegates took 14.2084ms
[debug]   Load.apply: Def.make(settings)... took 852.7685ms
[debug]   Load.apply: structureIndex took 127.981ms
[debug]   Load.apply: mkStreams took 2.2565ms
[info] loading global plugins from C:\Users\Yavier Mari\.sbt\1.0\plugins
[debug] Running task... Cancel: Signal, check cycles: false, forcegc: true
[debug] Load.defaultLoad until apply took 3472.9347ms
[debug]           Load.loadUnit: plugins took 20.1802ms
[debug]           Load.loadUnit: defsScala took 0.0035ms
[debug] [Loading] Scanning directory C:\Users\Yavier Mari\Downloads\Colegio\RUM 2020 - 2021\Primer Semestre\CIIC4030 (Programming Languages)\Assignments\A4_CIIC4030\project
[debug]             Load.loadUnit: mkEval took 7.194ms
[debug] [Loading] Found non-root projects 
[debug] [Loading] Done in C:\Users\Yavier Mari\Downloads\Colegio\RUM 2020 - 2021\Primer Semestre\CIIC4030 (Programming Languages)\Assignments\A4_CIIC4030\project, returning: ()
[debug] deducing auto plugins based on known facts Set(Atom(sbt.plugins.CorePlugin)) and clauses Clauses(List(Clause(Atom(sbt.plugins.JvmPlugin),Set(Atom(sbt.plugins.IvyPlugin))), Clause(Atom(sbt.ScriptedPlugin),Set(Atom(sbt.plugins.JvmPlugin))), Clause(Atom(sbt.plugins.SbtPlugin),Set(Atom(sbt.ScriptedPlugin))), Clause(Atom(sbt.plugins.SemanticdbPlugin),Set(Atom(sbt.plugins.JvmPlugin))), Clause(Atom(sbt.plugins.JUnitXmlReportPlugin),Set(Atom(sbt.plugins.JvmPlugin))), Clause(Atom(sbt.plugins.MiniDependencyTreePlugin),Set(Atom(sbt.plugins.JvmPlugin))), Clause(Atom(sbt.plugins.CorePlugin),Set(Atom(sbt.plugins.IvyPlugin))), Clause(Atom(sbt.plugins.IvyPlugin),Set(Atom(sbt.plugins.JvmPlugin))), Clause(Atom(sbt.plugins.JvmPlugin),Set(Atom(sbt.plugins.SemanticdbPlugin))), Clause(Atom(sbt.plugins.JvmPlugin),Set(Atom(sbt.plugins.JUnitXmlReportPlugin))), Clause(Atom(sbt.plugins.CorePlugin),Set(Atom(sbt.plugins.Giter8TemplatePlugin))), Clause(Atom(sbt.plugins.JvmPlugin),Set(Atom(sbt.plugins.MiniDependencyTreePlugin)))))
[debug]   :: deduced result: Matched(sbt.plugins.CorePlugin,sbt.plugins.Giter8TemplatePlugin,sbt.plugins.IvyPlugin,sbt.plugins.JvmPlugin,sbt.plugins.MiniDependencyTreePlugin,sbt.plugins.JUnitXmlReportPlugin,sbt.plugins.SemanticdbPlugin)
[debug] Plugins.deducer#function took 1.6786 ms
[info] loading settings for project a4_ciic4030-build from idea.sbt ...
[debug]               Load.resolveProject(a4_ciic4030-build) took 3.8681ms
[debug]             Load.loadTransitive: finalizeProject(Project(id a4_ciic4030-build, base: C:\Users\Yavier Mari\Downloads\Colegio\RUM 2020 - 2021\Primer Semestre\CIIC4030 (Programming Languages)\Assignments\A4_CIIC4030\project, plugins: List(<none>))) took 6.1289ms
[debug] [Loading] Done in C:\Users\Yavier Mari\Downloads\Colegio\RUM 2020 - 2021\Primer Semestre\CIIC4030 (Programming Languages)\Assignments\A4_CIIC4030\project, returning: (a4_ciic4030-build)
[debug]           Load.loadUnit: loadedProjectsRaw took 148.7779ms
[debug]           Load.loadUnit: cleanEvalClasses took 5.4311ms
[debug]         Load.loadUnit(file:/C:/Users/Yavier%20Mari/Downloads/Colegio/RUM%202020%20-%202021/Primer%20Semestre/CIIC4030%20(Programming%20Languages)/Assignments/A4_CIIC4030/project/, ...) took 175.3964ms
[debug]       Load.apply: load took 177.1067ms
[debug]       Load.apply: resolveProjects took 0.1424ms
[debug]       Load.apply: finalTransforms took 11.59ms
[debug]       Load.apply: config.delegates took 0.5607ms
[debug]       Load.apply: Def.make(settings)... took 72.9692ms
[debug]       Load.apply: structureIndex took 25.451ms
[debug]       Load.apply: mkStreams took 0.0034ms
[info] loading project definition from C:\Users\Yavier Mari\Downloads\Colegio\RUM 2020 - 2021\Primer Semestre\CIIC4030 (Programming Languages)\Assignments\A4_CIIC4030\project
[debug] Running task... Cancel: Signal, check cycles: false, forcegc: true
[debug]     Load.loadUnit: plugins took 571.5115ms
[debug]     Load.loadUnit: defsScala took 0.0034ms
[debug] [Loading] Scanning directory C:\Users\Yavier Mari\Downloads\Colegio\RUM 2020 - 2021\Primer Semestre\CIIC4030 (Programming Languages)\Assignments\A4_CIIC4030
[debug]       Load.loadUnit: mkEval took 0.3775ms
[debug] [Loading] Found non-root projects 
[debug] [Loading] Done in C:\Users\Yavier Mari\Downloads\Colegio\RUM 2020 - 2021\Primer Semestre\CIIC4030 (Programming Languages)\Assignments\A4_CIIC4030, returning: ()
[debug] deducing auto plugins based on known facts Set(Atom(sbt.plugins.CorePlugin)) and clauses Clauses(List(Clause(Atom(sbt.plugins.JvmPlugin),Set(Atom(sbt.plugins.IvyPlugin))), Clause(Atom(sbt.ScriptedPlugin),Set(Atom(sbt.plugins.JvmPlugin))), Clause(Atom(sbt.plugins.SbtPlugin),Set(Atom(sbt.ScriptedPlugin))), Clause(Atom(sbt.plugins.SemanticdbPlugin),Set(Atom(sbt.plugins.JvmPlugin))), Clause(Atom(sbt.plugins.JUnitXmlReportPlugin),Set(Atom(sbt.plugins.JvmPlugin))), Clause(Atom(sbt.plugins.MiniDependencyTreePlugin),Set(Atom(sbt.plugins.JvmPlugin))), Clause(Atom(org.jetbrains.sbt.StructurePlugin),Set(Atom(sbt.plugins.JvmPlugin))), Clause(Atom(org.jetbrains.sbt.IdeaShellPlugin),Set(Atom(sbt.plugins.JvmPlugin))), Clause(Atom(org.jetbrains.sbt.indices.SbtIntellijIndicesPlugin),Set(Atom(sbt.plugins.JvmPlugin))), Clause(Atom(sbt.plugins.CorePlugin),Set(Atom(sbt.plugins.IvyPlugin))), Clause(Atom(sbt.plugins.IvyPlugin),Set(Atom(sbt.plugins.JvmPlugin))), Clause(Atom(sbt.plugins.JvmPlugin),Set(Atom(sbt.plugins.SemanticdbPlugin))), Clause(Atom(sbt.plugins.JvmPlugin),Set(Atom(sbt.plugins.JUnitXmlReportPlugin))), Clause(Atom(sbt.plugins.CorePlugin),Set(Atom(sbt.plugins.Giter8TemplatePlugin))), Clause(Atom(sbt.plugins.JvmPlugin),Set(Atom(sbt.plugins.MiniDependencyTreePlugin))), Clause(Atom(sbt.plugins.JvmPlugin),Set(Atom(org.jetbrains.sbt.StructurePlugin))), Clause(Atom(sbt.plugins.JvmPlugin),Set(Atom(org.jetbrains.sbt.IdeaShellPlugin))), Clause(And(Set(Atom(sbt.plugins.CorePlugin), Atom(sbt.plugins.JvmPlugin))),Set(Atom(org.jetbrains.sbt.indices.SbtIntellijIndicesPlugin)))))
[debug]   :: deduced result: Matched(sbt.plugins.CorePlugin,sbt.plugins.Giter8TemplatePlugin,sbt.plugins.IvyPlugin,sbt.plugins.JvmPlugin,sbt.plugins.SemanticdbPlugin,org.jetbrains.sbt.indices.SbtIntellijIndicesPlugin,sbt.plugins.JUnitXmlReportPlugin,org.jetbrains.sbt.IdeaShellPlugin,org.jetbrains.sbt.StructurePlugin,sbt.plugins.MiniDependencyTreePlugin)
[debug] Plugins.deducer#function took 2.3316 ms
[info] loading settings for project a4_ciic4030 from build.sbt ...
[debug]         Load.resolveProject(a4_ciic4030) took 32.1712ms
[debug]       Load.loadTransitive: finalizeProject(Project(id a4_ciic4030, base: C:\Users\Yavier Mari\Downloads\Colegio\RUM 2020 - 2021\Primer Semestre\CIIC4030 (Programming Languages)\Assignments\A4_CIIC4030, plugins: List(<none>))) took 36.3011ms
[debug] [Loading] Done in C:\Users\Yavier Mari\Downloads\Colegio\RUM 2020 - 2021\Primer Semestre\CIIC4030 (Programming Languages)\Assignments\A4_CIIC4030, returning: (a4_ciic4030)
[debug]     Load.loadUnit: loadedProjectsRaw took 74.6828ms
[debug]     Load.loadUnit: cleanEvalClasses took 3.9269ms
[debug]   Load.loadUnit(file:/C:/Users/Yavier%20Mari/Downloads/Colegio/RUM%202020%20-%202021/Primer%20Semestre/CIIC4030%20(Programming%20Languages)/Assignments/A4_CIIC4030/, ...) took 650.7934ms
[debug] Load.apply: load took 652.3357ms
[debug] Load.apply: resolveProjects took 0.1493ms
[debug] Load.apply: finalTransforms took 23.3428ms
[debug] Load.apply: config.delegates took 0.3494ms
[debug] Load.apply: Def.make(settings)... took 95.4524ms
[debug] Load.apply: structureIndex took 28.309ms
[debug] Load.apply: mkStreams took 0.0034ms
[info] set current project to A4_CIIC4030 (in build file:/C:/Users/Yavier%20Mari/Downloads/Colegio/RUM%202020%20-%202021/Primer%20Semestre/CIIC4030%20(Programming%20Languages)/Assignments/A4_CIIC4030/)
[debug] > Exec(sbtPopOnFailure, None, None)
[debug] > Exec(resumeFromFailure, None, None)
[debug] > Exec(notifyUsersAboutShell, None, None)
[debug] > Exec(iflast shell, None, None)
[debug] > Exec(; set ideaPort in Global := 59147 ; idea-shell, None, None)
[debug] > Exec(set ideaPort in Global := 59147, None, None)
[info] Defining Global / ideaPort
[info] The new value will be used by Compile / compile, Test / compile
[debug] Defining 
[debug] 	Global / ideaPort
[debug] 
[debug] The new value will be used by 
[debug] 	Compile / compile
[debug] 	Test / compile
[info] Reapplying settings...
[info] set current project to A4_CIIC4030 (in build file:/C:/Users/Yavier%20Mari/Downloads/Colegio/RUM%202020%20-%202021/Primer%20Semestre/CIIC4030%20(Programming%20Languages)/Assignments/A4_CIIC4030/)
[debug] > Exec(idea-shell, None, None)
